Dec 21 18:35:55: Program starting.
Dec 21 18:35:55: Connecting to Lua
Dec 21 18:35:55: Loading Lua Libraries
Dec 21 18:35:55: Connecting to Database
Dec 21 18:36:44: Program starting.
Dec 21 18:36:44: Connecting to Lua
Dec 21 18:36:44: Loading Lua Libraries
Dec 21 18:36:44: Connecting to Database
Dec 21 18:37:03: Program starting.
Dec 21 18:37:03: Connecting to Lua
Dec 21 18:37:03: Loading Lua Libraries
Dec 21 18:37:03: Connecting to Database
Dec 21 18:37:51: Program starting.
Dec 21 18:37:51: Connecting to Lua
Dec 21 18:37:51: Loading Lua Libraries
Dec 21 18:37:51: Connecting to Database
Dec 21 18:48:32: Program starting.
Dec 21 18:48:32: Connecting to Lua
Dec 21 18:48:32: Loading Lua Libraries
Dec 21 18:48:32: Connecting to Database
Dec 21 18:49:35: Program starting.
Dec 21 18:49:35: Connecting to Lua
Dec 21 18:49:35: Loading Lua Libraries
Dec 21 18:49:35: Connecting to Database
Dec 21 19:02:57: Program starting.
Dec 21 19:02:57: Connecting to Lua
Dec 21 19:02:57: Loading Lua Libraries
Dec 21 19:02:57: Connecting to Database
Dec 21 19:14:15: Program starting.
Dec 21 19:14:15: Connecting to Lua
Dec 21 19:14:15: Loading Lua Libraries
Dec 21 19:14:15: Connecting to Database
Dec 21 19:14:48: Program starting.
Dec 21 19:14:48: Connecting to Lua
Dec 21 19:14:48: Loading Lua Libraries
Dec 21 19:14:48: Connecting to Database
Dec 21 19:15:09: Program starting.
Dec 21 19:15:09: Connecting to Lua
Dec 21 19:15:09: Loading Lua Libraries
Dec 21 19:15:09: Connecting to Database
Dec 21 19:15:09: Loading Global Lua Variables
Dec 21 19:15:09: Loading ID Handlers
Dec 21 19:15:09: Loading Mud Timers
Dec 21 19:15:09: Loading Element Table
Dec 21 19:15:09: Load_helps: getting all help files.
Dec 21 19:15:24: Account: Davenge has logged in.
